<?xml version="1.0" encoding="UTF-8"?>
<!-- Generated by org.testng.reporters.JUnitXMLReporter -->
<testsuite ignored="15" hostname="rising" failures="1" tests="11" name="Default test(failed)" time="0.621" errors="0" timestamp="31 Oct 2018 12:57:32 GMT">
  <testcase classname="src.Task1" name="checkvalidation" time="0.352">
    <failure type="org.openqa.selenium.NoSuchElementException" message="no such element: Unable to locate element: {&amp;quot;method&amp;quot;:&amp;quot;xpath&amp;quot;,&amp;quot;selector&amp;quot;:&amp;quot;//*[@id=&amp;quot;new_m_user_login&amp;quot;]/div[5]/div[1]/div/button&amp;quot;}
  (Session info: chrome=70.0.3538.77)
  (Driver info: chromedriver=2.42.591088 (7b2b2dca23cca0862f674758c9a3933e685c27d5),platform=Windows NT 6.3.9600 x86_64) (WARNING: The server did not provide any stacktrace information)
Command duration or timeout: 0 milliseconds
For documentation on this error, please visit: http://seleniumhq.org/exceptions/no_such_element.html
Build info: version: &amp;apos;3.11.0&amp;apos;, revision: &amp;apos;e59cfb3&amp;apos;, time: &amp;apos;2018-03-11T20:33:08.638Z&amp;apos;
System info: host: &amp;apos;RISING&amp;apos;, ip: &amp;apos;192.168.2.4&amp;apos;, os.name: &amp;apos;Windows 8.1&amp;apos;, os.arch: &amp;apos;amd64&amp;apos;, os.version: &amp;apos;6.3&amp;apos;, java.version: &amp;apos;10.0.1&amp;apos;
Driver info: org.openqa.selenium.chrome.ChromeDriver
Capabilities {acceptInsecureCerts: false, acceptSslCerts: false, applicationCacheEnabled: false, browserConnectionEnabled: false, browserName: chrome, chrome: {chromedriverVersion: 2.42.591088 (7b2b2dca23cca0..., userDataDir: C:\Users\rising1\AppData\Lo...}, cssSelectorsEnabled: true, databaseEnabled: false, goog:chromeOptions: {debuggerAddress: localhost:50963}, handlesAlerts: true, hasTouchScreen: false, javascriptEnabled: true, locationContextEnabled: true, mobileEmulationEnabled: false, nativeEvents: true, networkConnectionEnabled: false, pageLoadStrategy: normal, platform: XP, platformName: XP, rotatable: false, setWindowRect: true, takesHeapSnapshot: true, takesScreenshot: true, unexpectedAlertBehaviour: , unhandledPromptBehavior: , version: 70.0.3538.77, webStorageEnabled: true}
Session ID: 6087e5147ccd33d69266a49d4b095231
*** Element info: {Using=xpath, value=//*[@id=&amp;quot;new_m_user_login&amp;quot;]/div[5]/div[1]/div/button}">
      <![CDATA[org.openqa.selenium.NoSuchElementException: no such element: Unable to locate element: {"method":"xpath","selector":"//*[@id="new_m_user_login"]/div[5]/div[1]/div/button"}
  (Session info: chrome=70.0.3538.77)
  (Driver info: chromedriver=2.42.591088 (7b2b2dca23cca0862f674758c9a3933e685c27d5),platform=Windows NT 6.3.9600 x86_64) (WARNING: The server did not provide any stacktrace information)
Command duration or timeout: 0 milliseconds
For documentation on this error, please visit: http://seleniumhq.org/exceptions/no_such_element.html
Build info: version: '3.11.0', revision: 'e59cfb3', time: '2018-03-11T20:33:08.638Z'
System info: host: 'RISING', ip: '192.168.2.4', os.name: 'Windows 8.1', os.arch: 'amd64', os.version: '6.3', java.version: '10.0.1'
Driver info: org.openqa.selenium.chrome.ChromeDriver
Capabilities {acceptInsecureCerts: false, acceptSslCerts: false, applicationCacheEnabled: false, browserConnectionEnabled: false, browserName: chrome, chrome: {chromedriverVersion: 2.42.591088 (7b2b2dca23cca0..., userDataDir: C:\Users\rising1\AppData\Lo...}, cssSelectorsEnabled: true, databaseEnabled: false, goog:chromeOptions: {debuggerAddress: localhost:50963}, handlesAlerts: true, hasTouchScreen: false, javascriptEnabled: true, locationContextEnabled: true, mobileEmulationEnabled: false, nativeEvents: true, networkConnectionEnabled: false, pageLoadStrategy: normal, platform: XP, platformName: XP, rotatable: false, setWindowRect: true, takesHeapSnapshot: true, takesScreenshot: true, unexpectedAlertBehaviour: , unhandledPromptBehavior: , version: 70.0.3538.77, webStorageEnabled: true}
Session ID: 6087e5147ccd33d69266a49d4b095231
*** Element info: {Using=xpath, value=//*[@id="new_m_user_login"]/div[5]/div[1]/div/button}
at org.openqa.selenium.remote.ErrorHandler.createThrowable(ErrorHandler.java:214)
at org.openqa.selenium.remote.ErrorHandler.throwIfResponseFailed(ErrorHandler.java:166)
at org.openqa.selenium.remote.http.JsonHttpResponseCodec.reconstructValue(JsonHttpResponseCodec.java:40)
at org.openqa.selenium.remote.http.AbstractHttpResponseCodec.decode(AbstractHttpResponseCodec.java:80)
at org.openqa.selenium.remote.http.AbstractHttpResponseCodec.decode(AbstractHttpResponseCodec.java:44)
at org.openqa.selenium.remote.HttpCommandExecutor.execute(HttpCommandExecutor.java:158)
at org.openqa.selenium.remote.service.DriverCommandExecutor.execute(DriverCommandExecutor.java:83)
at org.openqa.selenium.remote.RemoteWebDriver.execute(RemoteWebDriver.java:545)
at org.openqa.selenium.remote.RemoteWebDriver.findElement(RemoteWebDriver.java:319)
at org.openqa.selenium.remote.RemoteWebDriver.findElementByXPath(RemoteWebDriver.java:421)
at org.openqa.selenium.By$ByXPath.findElement(By.java:361)
at org.openqa.selenium.remote.RemoteWebDriver.findElement(RemoteWebDriver.java:311)
at src.Task1.checkvalidation(Task1.java:39)
... Removed 29 stack frames]]>
    </failure>
  </testcase> <!-- checkvalidation -->
  <testcase classname="src.Task1" name="lastnamespecialchar" time="0.0">
    <skipped/>
  </testcase> <!-- lastnamespecialchar -->
  <testcase classname="src.Task1" name="lastnameinteger" time="0.0">
    <skipped/>
  </testcase> <!-- lastnameinteger -->
  <testcase classname="src.Task1" name="firstnamespecialchar" time="0.0">
    <skipped/>
  </testcase> <!-- firstnamespecialchar -->
  <testcase classname="src.Task1" name="firstnameinteger" time="0.0">
    <skipped/>
  </testcase> <!-- firstnameinteger -->
  <testcase classname="src.Task1" name="ph_numberchar" time="0.0">
    <skipped/>
  </testcase> <!-- ph_numberchar -->
  <testcase classname="src.Task1" name="ph_numberspecialchar" time="0.0">
    <skipped/>
  </testcase> <!-- ph_numberspecialchar -->
  <testcase classname="src.Task1" name="ph_numberless" time="0.0">
    <skipped/>
  </testcase> <!-- ph_numberless -->
  <testcase classname="src.Task1" name="ph_numbermore" time="0.0">
    <skipped/>
  </testcase> <!-- ph_numbermore -->
  <testcase classname="src.Task1" name="email_int" time="0.0">
    <skipped/>
  </testcase> <!-- email_int -->
  <testcase classname="src.Task1" name="confirm_password_int" time="0.0">
    <skipped/>
  </testcase> <!-- confirm_password_int -->
  <testcase classname="src.Task1" name="ph_number_real" time="0.0">
    <ignored/>
  </testcase> <!-- ph_number_real -->
  <testcase classname="src.Task1" name="password_alpha" time="0.0">
    <ignored/>
  </testcase> <!-- password_alpha -->
  <testcase classname="src.Task1" name="email" time="0.0">
    <ignored/>
  </testcase> <!-- email -->
  <testcase classname="src.Task1" name="email_real" time="0.0">
    <ignored/>
  </testcase> <!-- email_real -->
  <testcase classname="src.Task1" name="browserlaunch" time="0.0">
    <ignored/>
  </testcase> <!-- browserlaunch -->
  <testcase classname="src.Task1" name="confirm_password_8" time="0.0">
    <ignored/>
  </testcase> <!-- confirm_password_8 -->
  <testcase classname="src.Task1" name="password" time="0.0">
    <ignored/>
  </testcase> <!-- password -->
  <testcase classname="src.Task1" name="companyname" time="0.0">
    <ignored/>
  </testcase> <!-- companyname -->
  <testcase classname="src.Task1" name="email_specialsymbol" time="0.0">
    <ignored/>
  </testcase> <!-- email_specialsymbol -->
  <testcase classname="src.Task1" name="firstnamereal" time="0.0">
    <ignored/>
  </testcase> <!-- firstnamereal -->
  <testcase classname="src.Task1" name="password_real" time="0.0">
    <ignored/>
  </testcase> <!-- password_real -->
  <testcase classname="src.Task1" name="confirm_password" time="0.0">
    <ignored/>
  </testcase> <!-- confirm_password -->
  <testcase classname="src.Task1" name="confirm_password_real" time="0.0">
    <ignored/>
  </testcase> <!-- confirm_password_real -->
  <testcase classname="src.Task1" name="email_dot" time="0.0">
    <ignored/>
  </testcase> <!-- email_dot -->
  <testcase classname="src.Task1" name="lastnamereal" time="0.0">
    <ignored/>
  </testcase> <!-- lastnamereal -->
</testsuite> <!-- Default test(failed) -->
